\BOOKMARK [0][-]{chapter.1}{\376\377\0001\000\040\000p\000y\000t\000h\000o\000n\000O\000T\000A\000S\000e\000r\000v\000e\000r}{}% 1
\BOOKMARK [0][-]{chapter.2}{\376\377\0002\000\040\000N\000a\000m\000e\000s\000p\000a\000c\000e\000\040\000I\000n\000d\000e\000x}{}% 2
\BOOKMARK [1][-]{section.2.1}{\376\377\0002\000.\0001\000\040\000N\000a\000m\000e\000s\000p\000a\000c\000e\000\040\000L\000i\000s\000t}{chapter.2}% 3
\BOOKMARK [0][-]{chapter.3}{\376\377\0003\000\040\000H\000i\000e\000r\000a\000r\000c\000h\000i\000c\000a\000l\000\040\000I\000n\000d\000e\000x}{}% 4
\BOOKMARK [1][-]{section.3.1}{\376\377\0003\000.\0001\000\040\000C\000l\000a\000s\000s\000\040\000H\000i\000e\000r\000a\000r\000c\000h\000y}{chapter.3}% 5
\BOOKMARK [0][-]{chapter.4}{\376\377\0004\000\040\000C\000l\000a\000s\000s\000\040\000I\000n\000d\000e\000x}{}% 6
\BOOKMARK [1][-]{section.4.1}{\376\377\0004\000.\0001\000\040\000C\000l\000a\000s\000s\000\040\000L\000i\000s\000t}{chapter.4}% 7
\BOOKMARK [0][-]{chapter.5}{\376\377\0005\000\040\000F\000i\000l\000e\000\040\000I\000n\000d\000e\000x}{}% 8
\BOOKMARK [1][-]{section.5.1}{\376\377\0005\000.\0001\000\040\000F\000i\000l\000e\000\040\000L\000i\000s\000t}{chapter.5}% 9
\BOOKMARK [0][-]{chapter.6}{\376\377\0006\000\040\000N\000a\000m\000e\000s\000p\000a\000c\000e\000\040\000D\000o\000c\000u\000m\000e\000n\000t\000a\000t\000i\000o\000n}{}% 10
\BOOKMARK [1][-]{section.6.1}{\376\377\0006\000.\0001\000\040\000c\000l\000i\000e\000n\000t\000\040\000N\000a\000m\000e\000s\000p\000a\000c\000e\000\040\000R\000e\000f\000e\000r\000e\000n\000c\000e}{chapter.6}% 11
\BOOKMARK [2][-]{subsection.6.1.1}{\376\377\0006\000.\0001\000.\0001\000\040\000F\000u\000n\000c\000t\000i\000o\000n\000\040\000D\000o\000c\000u\000m\000e\000n\000t\000a\000t\000i\000o\000n}{section.6.1}% 12
\BOOKMARK [3][-]{subsubsection.6.1.1.1}{\376\377\0006\000.\0001\000.\0001\000.\0001\000\040\000v\000e\000r\000i\000f\000y\000F\000i\000n\000i\000s\000h\000e\000d\000U\000p\000d\000a\000t\000e\000\050\000\051}{subsection.6.1.1}% 13
\BOOKMARK [2][-]{subsection.6.1.2}{\376\377\0006\000.\0001\000.\0002\000\040\000V\000a\000r\000i\000a\000b\000l\000e\000\040\000D\000o\000c\000u\000m\000e\000n\000t\000a\000t\000i\000o\000n}{section.6.1}% 14
\BOOKMARK [3][-]{subsubsection.6.1.2.1}{\376\377\0006\000.\0001\000.\0002\000.\0001\000\040\000a\000c\000k\000C\000l\000i\000e\000n\000t}{subsection.6.1.2}% 15
\BOOKMARK [3][-]{subsubsection.6.1.2.2}{\376\377\0006\000.\0001\000.\0002\000.\0002\000\040\000a\000p\000p\000r\000o\000v\000e\000d\000U\000p\000d\000a\000t\000e}{subsection.6.1.2}% 16
\BOOKMARK [3][-]{subsubsection.6.1.2.3}{\376\377\0006\000.\0001\000.\0002\000.\0003\000\040\000b\000i\000n\000a\000r\000y\000C\000o\000d\000e}{subsection.6.1.2}% 17
\BOOKMARK [3][-]{subsubsection.6.1.2.4}{\376\377\0006\000.\0001\000.\0002\000.\0004\000\040\000b\000u\000f}{subsection.6.1.2}% 18
\BOOKMARK [3][-]{subsubsection.6.1.2.5}{\376\377\0006\000.\0001\000.\0002\000.\0005\000\040\000d\000a\000t\000a}{subsection.6.1.2}% 19
\BOOKMARK [3][-]{subsubsection.6.1.2.6}{\376\377\0006\000.\0001\000.\0002\000.\0006\000\040\000f\000i\000n\000i\000s\000h\000e\000d\000U\000p\000d\000a\000t\000e}{subsection.6.1.2}% 20
\BOOKMARK [3][-]{subsubsection.6.1.2.7}{\376\377\0006\000.\0001\000.\0002\000.\0007\000\040\000h\000o\000s\000t}{subsection.6.1.2}% 21
\BOOKMARK [3][-]{subsubsection.6.1.2.8}{\376\377\0006\000.\0001\000.\0002\000.\0008\000\040\000H\000O\000S\000T}{subsection.6.1.2}% 22
\BOOKMARK [3][-]{subsubsection.6.1.2.9}{\376\377\0006\000.\0001\000.\0002\000.\0009\000\040\000p\000o\000r\000t}{subsection.6.1.2}% 23
\BOOKMARK [3][-]{subsubsection.6.1.2.10}{\376\377\0006\000.\0001\000.\0002\000.\0001\0000\000\040\000P\000O\000R\000T}{subsection.6.1.2}% 24
\BOOKMARK [3][-]{subsubsection.6.1.2.11}{\376\377\0006\000.\0001\000.\0002\000.\0001\0001\000\040\000s}{subsection.6.1.2}% 25
\BOOKMARK [3][-]{subsubsection.6.1.2.12}{\376\377\0006\000.\0001\000.\0002\000.\0001\0002\000\040\000s\000o\000c\000k}{subsection.6.1.2}% 26
\BOOKMARK [3][-]{subsubsection.6.1.2.13}{\376\377\0006\000.\0001\000.\0002\000.\0001\0003\000\040\000T\000I\000M\000E\000O\000U\000T}{subsection.6.1.2}% 27
\BOOKMARK [1][-]{section.6.2}{\376\377\0006\000.\0002\000\040\000c\000u\000s\000t\000o\000m\000l\000o\000g\000g\000e\000r\000\040\000N\000a\000m\000e\000s\000p\000a\000c\000e\000\040\000R\000e\000f\000e\000r\000e\000n\000c\000e}{chapter.6}% 28
\BOOKMARK [1][-]{section.6.3}{\376\377\0006\000.\0003\000\040\000N\000o\000C\000l\000i\000e\000n\000t\000\040\000N\000a\000m\000e\000s\000p\000a\000c\000e\000\040\000R\000e\000f\000e\000r\000e\000n\000c\000e}{chapter.6}% 29
\BOOKMARK [2][-]{subsection.6.3.1}{\376\377\0006\000.\0003\000.\0001\000\040\000F\000u\000n\000c\000t\000i\000o\000n\000\040\000D\000o\000c\000u\000m\000e\000n\000t\000a\000t\000i\000o\000n}{section.6.3}% 30
\BOOKMARK [3][-]{subsubsection.6.3.1.1}{\376\377\0006\000.\0003\000.\0001\000.\0001\000\040\000v\000e\000r\000i\000f\000y\000F\000i\000n\000i\000s\000h\000e\000d\000U\000p\000d\000a\000t\000e\000\050\000\051}{subsection.6.3.1}% 31
\BOOKMARK [2][-]{subsection.6.3.2}{\376\377\0006\000.\0003\000.\0002\000\040\000V\000a\000r\000i\000a\000b\000l\000e\000\040\000D\000o\000c\000u\000m\000e\000n\000t\000a\000t\000i\000o\000n}{section.6.3}% 32
\BOOKMARK [3][-]{subsubsection.6.3.2.1}{\376\377\0006\000.\0003\000.\0002\000.\0001\000\040\000a\000c\000k\000C\000l\000i\000e\000n\000t}{subsection.6.3.2}% 33
\BOOKMARK [3][-]{subsubsection.6.3.2.2}{\376\377\0006\000.\0003\000.\0002\000.\0002\000\040\000a\000p\000p\000r\000o\000v\000e\000d\000U\000p\000d\000a\000t\000e}{subsection.6.3.2}% 34
\BOOKMARK [3][-]{subsubsection.6.3.2.3}{\376\377\0006\000.\0003\000.\0002\000.\0003\000\040\000b\000i\000n\000a\000r\000y\000C\000o\000d\000e}{subsection.6.3.2}% 35
\BOOKMARK [3][-]{subsubsection.6.3.2.4}{\376\377\0006\000.\0003\000.\0002\000.\0004\000\040\000d\000a\000t\000a}{subsection.6.3.2}% 36
\BOOKMARK [3][-]{subsubsection.6.3.2.5}{\376\377\0006\000.\0003\000.\0002\000.\0005\000\040\000f\000i\000n\000i\000s\000h\000e\000d\000U\000p\000d\000a\000t\000e}{subsection.6.3.2}% 37
\BOOKMARK [3][-]{subsubsection.6.3.2.6}{\376\377\0006\000.\0003\000.\0002\000.\0006\000\040\000H\000O\000S\000T}{subsection.6.3.2}% 38
\BOOKMARK [3][-]{subsubsection.6.3.2.7}{\376\377\0006\000.\0003\000.\0002\000.\0007\000\040\000P\000O\000R\000T}{subsection.6.3.2}% 39
\BOOKMARK [3][-]{subsubsection.6.3.2.8}{\376\377\0006\000.\0003\000.\0002\000.\0008\000\040\000s}{subsection.6.3.2}% 40
\BOOKMARK [1][-]{section.6.4}{\376\377\0006\000.\0004\000\040\000S\000e\000r\000v\000e\000r\000\040\000N\000a\000m\000e\000s\000p\000a\000c\000e\000\040\000R\000e\000f\000e\000r\000e\000n\000c\000e}{chapter.6}% 41
\BOOKMARK [1][-]{section.6.5}{\376\377\0006\000.\0005\000\040\000s\000e\000r\000v\000e\000r\000\040\000N\000a\000m\000e\000s\000p\000a\000c\000e\000\040\000R\000e\000f\000e\000r\000e\000n\000c\000e}{chapter.6}% 42
\BOOKMARK [2][-]{subsection.6.5.1}{\376\377\0006\000.\0005\000.\0001\000\040\000F\000u\000n\000c\000t\000i\000o\000n\000\040\000D\000o\000c\000u\000m\000e\000n\000t\000a\000t\000i\000o\000n}{section.6.5}% 43
\BOOKMARK [3][-]{subsubsection.6.5.1.1}{\376\377\0006\000.\0005\000.\0001\000.\0001\000\040\000a\000c\000c\000e\000p\000t\000C\000o\000n\000n\000e\000c\000t\000i\000o\000n\000s\000\050\000\051}{subsection.6.5.1}% 44
\BOOKMARK [3][-]{subsubsection.6.5.1.2}{\376\377\0006\000.\0005\000.\0001\000.\0002\000\040\000b\000u\000f\000f\000e\000r\000D\000a\000t\000a\000\050\000\051}{subsection.6.5.1}% 45
\BOOKMARK [3][-]{subsubsection.6.5.1.3}{\376\377\0006\000.\0005\000.\0001\000.\0003\000\040\000c\000l\000o\000s\000e\000C\000o\000n\000n\000e\000c\000t\000i\000o\000n\000\050\000\051}{subsection.6.5.1}% 46
\BOOKMARK [3][-]{subsubsection.6.5.1.4}{\376\377\0006\000.\0005\000.\0001\000.\0004\000\040\000c\000o\000n\000f\000i\000g\000u\000r\000e\000L\000o\000g\000g\000e\000r\000\050\000\051}{subsection.6.5.1}% 47
\BOOKMARK [3][-]{subsubsection.6.5.1.5}{\376\377\0006\000.\0005\000.\0001\000.\0005\000\040\000c\000o\000n\000n\000e\000c\000t\000S\000o\000c\000k\000e\000t\000\050\000\051}{subsection.6.5.1}% 48
\BOOKMARK [3][-]{subsubsection.6.5.1.6}{\376\377\0006\000.\0005\000.\0001\000.\0006\000\040\000c\000r\000e\000a\000t\000e\000S\000e\000r\000v\000e\000r\000\050\000\051}{subsection.6.5.1}% 49
\BOOKMARK [3][-]{subsubsection.6.5.1.7}{\376\377\0006\000.\0005\000.\0001\000.\0007\000\040\000g\000e\000t\000M\000C\000U\000I\000D\000\050\000\051}{subsection.6.5.1}% 50
\BOOKMARK [3][-]{subsubsection.6.5.1.8}{\376\377\0006\000.\0005\000.\0001\000.\0008\000\040\000l\000o\000o\000k\000F\000o\000r\000C\000l\000i\000e\000n\000t\000I\000n\000D\000a\000t\000a\000b\000a\000s\000e\000\050\000\051}{subsection.6.5.1}% 51
\BOOKMARK [3][-]{subsubsection.6.5.1.9}{\376\377\0006\000.\0005\000.\0001\000.\0009\000\040\000p\000r\000e\000p\000a\000r\000e\000U\000p\000d\000a\000t\000e\000\050\000\051}{subsection.6.5.1}% 52
\BOOKMARK [3][-]{subsubsection.6.5.1.10}{\376\377\0006\000.\0005\000.\0001\000.\0001\0000\000\040\000r\000e\000a\000d\000A\000r\000g\000s\000\050\000\051}{subsection.6.5.1}% 53
\BOOKMARK [3][-]{subsubsection.6.5.1.11}{\376\377\0006\000.\0005\000.\0001\000.\0001\0001\000\040\000s\000e\000n\000d\000U\000p\000d\000a\000t\000e\000\050\000\051}{subsection.6.5.1}% 54
\BOOKMARK [3][-]{subsubsection.6.5.1.12}{\376\377\0006\000.\0005\000.\0001\000.\0001\0002\000\040\000v\000a\000l\000i\000d\000a\000t\000e\000C\000o\000d\000e\000C\000h\000u\000n\000k\000\050\000\051}{subsection.6.5.1}% 55
\BOOKMARK [3][-]{subsubsection.6.5.1.13}{\376\377\0006\000.\0005\000.\0001\000.\0001\0003\000\040\000v\000e\000r\000i\000f\000y\000C\000l\000i\000e\000n\000t\000I\000d\000\050\000\051}{subsection.6.5.1}% 56
\BOOKMARK [3][-]{subsubsection.6.5.1.14}{\376\377\0006\000.\0005\000.\0001\000.\0001\0004\000\040\000v\000e\000r\000i\000f\000y\000S\000t\000a\000r\000t\000e\000d\000C\000o\000n\000n\000e\000c\000t\000i\000o\000n\000\050\000\051}{subsection.6.5.1}% 57
\BOOKMARK [2][-]{subsection.6.5.2}{\376\377\0006\000.\0005\000.\0002\000\040\000V\000a\000r\000i\000a\000b\000l\000e\000\040\000D\000o\000c\000u\000m\000e\000n\000t\000a\000t\000i\000o\000n}{section.6.5}% 58
\BOOKMARK [3][-]{subsubsection.6.5.2.1}{\376\377\0006\000.\0005\000.\0002\000.\0001\000\040\000a\000c\000k\000C\000l\000i\000e\000n\000t}{subsection.6.5.2}% 59
\BOOKMARK [3][-]{subsubsection.6.5.2.2}{\376\377\0006\000.\0005\000.\0002\000.\0002\000\040\000a\000l\000l\000o\000w\000e\000d\000U\000p\000d\000a\000t\000e}{subsection.6.5.2}% 60
\BOOKMARK [3][-]{subsubsection.6.5.2.3}{\376\377\0006\000.\0005\000.\0002\000.\0003\000\040\000A\000L\000R\000E\000A\000D\000Y\000\137\000S\000T\000A\000R\000T\000E\000D\000\137\000C\000O\000N\000N\000E\000C\000T\000I\000O\000N}{subsection.6.5.2}% 61
\BOOKMARK [3][-]{subsubsection.6.5.2.4}{\376\377\0006\000.\0005\000.\0002\000.\0004\000\040\000a\000r\000g\000s}{subsection.6.5.2}% 62
\BOOKMARK [3][-]{subsubsection.6.5.2.5}{\376\377\0006\000.\0005\000.\0002\000.\0005\000\040\000b\000a\000n\000n\000e\000d\000U\000p\000d\000a\000t\000e}{subsection.6.5.2}% 63
\BOOKMARK [3][-]{subsubsection.6.5.2.6}{\376\377\0006\000.\0005\000.\0002\000.\0006\000\040\000B\000U\000F\000F\000E\000R\000I\000N\000G\000\137\000C\000O\000D\000E\000\137\000I\000N\000C\000O\000M\000P\000L\000E\000T\000E}{subsection.6.5.2}% 64
\BOOKMARK [3][-]{subsubsection.6.5.2.7}{\376\377\0006\000.\0005\000.\0002\000.\0007\000\040\000b\000u\000f\000f\000e\000r\000S\000i\000z\000e\000F\000i\000l\000e}{subsection.6.5.2}% 65
\BOOKMARK [3][-]{subsubsection.6.5.2.8}{\376\377\0006\000.\0005\000.\0002\000.\0008\000\040\000C\000L\000I\000E\000N\000T\000\137\000U\000N\000V\000E\000R\000I\000F\000I\000E\000D}{subsection.6.5.2}% 66
\BOOKMARK [3][-]{subsubsection.6.5.2.9}{\376\377\0006\000.\0005\000.\0002\000.\0009\000\040\000c\000l\000i\000e\000n\000t\000a\000d\000d\000r}{subsection.6.5.2}% 67
\BOOKMARK [3][-]{subsubsection.6.5.2.10}{\376\377\0006\000.\0005\000.\0002\000.\0001\0000\000\040\000c\000l\000i\000e\000n\000t\000s\000L\000i\000s\000t}{subsection.6.5.2}% 68
\BOOKMARK [3][-]{subsubsection.6.5.2.11}{\376\377\0006\000.\0005\000.\0002\000.\0001\0001\000\040\000c\000l\000i\000e\000n\000t\000s\000o\000c\000k}{subsection.6.5.2}% 69
\BOOKMARK [3][-]{subsubsection.6.5.2.12}{\376\377\0006\000.\0005\000.\0002\000.\0001\0002\000\040\000c\000o\000n\000n\000e\000c\000t\000e\000d\000C\000l\000i\000e\000n\000t\000s}{subsection.6.5.2}% 70
\BOOKMARK [3][-]{subsubsection.6.5.2.13}{\376\377\0006\000.\0005\000.\0002\000.\0001\0003\000\040\000c\000o\000n\000n\000e\000c\000t\000i\000o\000n\000s\000L\000i\000s\000t}{subsection.6.5.2}% 71
\BOOKMARK [3][-]{subsubsection.6.5.2.14}{\376\377\0006\000.\0005\000.\0002\000.\0001\0004\000\040\000c\000o\000n\000n\000e\000c\000t\000S\000o\000c\000k\000e\000t}{subsection.6.5.2}% 72
\BOOKMARK [3][-]{subsubsection.6.5.2.15}{\376\377\0006\000.\0005\000.\0002\000.\0001\0005\000\040\000d\000a\000t\000a}{subsection.6.5.2}% 73
\BOOKMARK [3][-]{subsubsection.6.5.2.16}{\376\377\0006\000.\0005\000.\0002\000.\0001\0006\000\040\000d\000a\000t\000a\000b\000a\000s\000e\000N\000a\000m\000e}{subsection.6.5.2}% 74
\BOOKMARK [3][-]{subsubsection.6.5.2.17}{\376\377\0006\000.\0005\000.\0002\000.\0001\0007\000\040\000D\000E\000B\000U\000G\000\137\000O\000N}{subsection.6.5.2}% 75
\BOOKMARK [3][-]{subsubsection.6.5.2.18}{\376\377\0006\000.\0005\000.\0002\000.\0001\0008\000\040\000e\000x\000c\000e\000p\000t\000i\000o\000n\000a\000l}{subsection.6.5.2}% 76
\BOOKMARK [3][-]{subsubsection.6.5.2.19}{\376\377\0006\000.\0005\000.\0002\000.\0001\0009\000\040\000e\000x\000c\000e\000p\000t\000s}{subsection.6.5.2}% 77
\BOOKMARK [3][-]{subsubsection.6.5.2.20}{\376\377\0006\000.\0005\000.\0002\000.\0002\0000\000\040\000h\000o\000s\000t}{subsection.6.5.2}% 78
\BOOKMARK [3][-]{subsubsection.6.5.2.21}{\376\377\0006\000.\0005\000.\0002\000.\0002\0001\000\040\000H\000O\000S\000T\000\137\000D\000E\000F\000A\000U\000L\000T}{subsection.6.5.2}% 79
\BOOKMARK [3][-]{subsubsection.6.5.2.22}{\376\377\0006\000.\0005\000.\0002\000.\0002\0002\000\040\000i\000n\000p\000u\000t\000s}{subsection.6.5.2}% 80
\BOOKMARK [3][-]{subsubsection.6.5.2.23}{\376\377\0006\000.\0005\000.\0002\000.\0002\0003\000\040\000I\000N\000V\000A\000L\000I\000D\000\137\000C\000O\000D\000E\000\137\000C\000H\000U\000N\000K}{subsection.6.5.2}% 81
\BOOKMARK [3][-]{subsubsection.6.5.2.24}{\376\377\0006\000.\0005\000.\0002\000.\0002\0004\000\040\000L\000O\000G\000\137\000F\000I\000L\000E\000N\000A\000M\000E\000\137\000D\000E\000F\000A\000U\000L\000T}{subsection.6.5.2}% 82
\BOOKMARK [3][-]{subsubsection.6.5.2.25}{\376\377\0006\000.\0005\000.\0002\000.\0002\0005\000\040\000L\000O\000G\000\137\000L\000E\000V\000E\000L}{subsection.6.5.2}% 83
\BOOKMARK [3][-]{subsubsection.6.5.2.26}{\376\377\0006\000.\0005\000.\0002\000.\0002\0006\000\040\000L\000O\000G\000\137\000P\000A\000T\000H\000\137\000D\000E\000F\000A\000U\000L\000T}{subsection.6.5.2}% 84
\BOOKMARK [3][-]{subsubsection.6.5.2.27}{\376\377\0006\000.\0005\000.\0002\000.\0002\0007\000\040\000l\000o\000g\000F\000i\000l\000e}{subsection.6.5.2}% 85
\BOOKMARK [3][-]{subsubsection.6.5.2.28}{\376\377\0006\000.\0005\000.\0002\000.\0002\0008\000\040\000l\000o\000g\000g\000e\000r}{subsection.6.5.2}% 86
\BOOKMARK [3][-]{subsubsection.6.5.2.29}{\376\377\0006\000.\0005\000.\0002\000.\0002\0009\000\040\000l\000o\000g\000P\000a\000t\000h}{subsection.6.5.2}% 87
\BOOKMARK [3][-]{subsubsection.6.5.2.30}{\376\377\0006\000.\0005\000.\0002\000.\0003\0000\000\040\000M\000A\000X\000\137\000O\000P\000E\000N\000\137\000C\000O\000N\000N\000E\000C\000T\000I\000O\000N\000S}{subsection.6.5.2}% 88
\BOOKMARK [3][-]{subsubsection.6.5.2.31}{\376\377\0006\000.\0005\000.\0002\000.\0003\0001\000\040\000m\000a\000x\000B\000y\000t\000e\000s}{subsection.6.5.2}% 89
\BOOKMARK [3][-]{subsubsection.6.5.2.32}{\376\377\0006\000.\0005\000.\0002\000.\0003\0002\000\040\000M\000I\000S\000S\000E\000D\000\137\000F\000I\000L\000E\000N\000A\000M\000E}{subsection.6.5.2}% 90
\BOOKMARK [3][-]{subsubsection.6.5.2.33}{\376\377\0006\000.\0005\000.\0002\000.\0003\0003\000\040\000N\000O\000T\000\137\000S\000T\000A\000R\000T\000E\000D\000\137\000C\000O\000N\000N\000E\000C\000T\000I\000O\000N}{subsection.6.5.2}% 91
\BOOKMARK [3][-]{subsubsection.6.5.2.34}{\376\377\0006\000.\0005\000.\0002\000.\0003\0004\000\040\000o\000p\000e\000n\000C\000o\000n\000n\000e\000c\000t\000i\000o\000n\000s}{subsection.6.5.2}% 92
\BOOKMARK [3][-]{subsubsection.6.5.2.35}{\376\377\0006\000.\0005\000.\0002\000.\0003\0005\000\040\000o\000u\000t\000p\000u\000t\000s}{subsection.6.5.2}% 93
\BOOKMARK [3][-]{subsubsection.6.5.2.36}{\376\377\0006\000.\0005\000.\0002\000.\0003\0006\000\040\000P\000A\000T\000H\000\137\000B\000I\000N\000A\000R\000Y\000\137\000F\000I\000L\000E\000\137\000D\000E\000F\000A\000U\000L\000T}{subsection.6.5.2}% 94
\BOOKMARK [3][-]{subsubsection.6.5.2.37}{\376\377\0006\000.\0005\000.\0002\000.\0003\0007\000\040\000P\000A\000T\000H\000\137\000D\000A\000T\000A\000B\000A\000S\000E\000\137\000D\000E\000F\000A\000U\000L\000T}{subsection.6.5.2}% 95
\BOOKMARK [3][-]{subsubsection.6.5.2.38}{\376\377\0006\000.\0005\000.\0002\000.\0003\0008\000\040\000p\000a\000t\000h\000B\000i\000n\000a\000r\000y\000F\000i\000l\000e\000s}{subsection.6.5.2}% 96
\BOOKMARK [3][-]{subsubsection.6.5.2.39}{\376\377\0006\000.\0005\000.\0002\000.\0003\0009\000\040\000p\000o\000r\000t}{subsection.6.5.2}% 97
\BOOKMARK [3][-]{subsubsection.6.5.2.40}{\376\377\0006\000.\0005\000.\0002\000.\0004\0000\000\040\000P\000O\000R\000T\000\137\000D\000E\000F\000A\000U\000L\000T}{subsection.6.5.2}% 98
\BOOKMARK [3][-]{subsubsection.6.5.2.41}{\376\377\0006\000.\0005\000.\0002\000.\0004\0001\000\040\000r\000e\000a\000d\000a\000b\000l\000e}{subsection.6.5.2}% 99
\BOOKMARK [3][-]{subsubsection.6.5.2.42}{\376\377\0006\000.\0005\000.\0002\000.\0004\0002\000\040\000R\000E\000A\000D\000Y\000\137\000T\000O\000\137\000U\000P\000D\000A\000T\000E}{subsection.6.5.2}% 100
\BOOKMARK [3][-]{subsubsection.6.5.2.43}{\376\377\0006\000.\0005\000.\0002\000.\0004\0003\000\040\000s\000e\000r\000v\000e\000r\000s\000o\000c\000k\000e\000t}{subsection.6.5.2}% 101
\BOOKMARK [3][-]{subsubsection.6.5.2.44}{\376\377\0006\000.\0005\000.\0002\000.\0004\0004\000\040\000s\000o\000c\000k}{subsection.6.5.2}% 102
\BOOKMARK [3][-]{subsubsection.6.5.2.45}{\376\377\0006\000.\0005\000.\0002\000.\0004\0005\000\040\000S\000U\000C\000C\000E\000S\000S\000F\000U\000L}{subsection.6.5.2}% 103
\BOOKMARK [3][-]{subsubsection.6.5.2.46}{\376\377\0006\000.\0005\000.\0002\000.\0004\0006\000\040\000t\000a\000r\000g\000e\000t}{subsection.6.5.2}% 104
\BOOKMARK [3][-]{subsubsection.6.5.2.47}{\376\377\0006\000.\0005\000.\0002\000.\0004\0007\000\040\000T\000I\000M\000E\000O\000U\000T}{subsection.6.5.2}% 105
\BOOKMARK [3][-]{subsubsection.6.5.2.48}{\376\377\0006\000.\0005\000.\0002\000.\0004\0008\000\040\000T\000I\000M\000E\000O\000U\000T\000\137\000C\000O\000N\000N\000E\000C\000T\000I\000O\000N}{subsection.6.5.2}% 106
\BOOKMARK [3][-]{subsubsection.6.5.2.49}{\376\377\0006\000.\0005\000.\0002\000.\0004\0009\000\040\000U\000N\000A\000B\000L\000E\000\137\000B\000U\000F\000F\000E\000R\000I\000N\000G\000\137\000C\000O\000D\000E}{subsection.6.5.2}% 107
\BOOKMARK [3][-]{subsubsection.6.5.2.50}{\376\377\0006\000.\0005\000.\0002\000.\0005\0000\000\040\000U\000N\000F\000O\000R\000M\000A\000T\000T\000E\000D\000\137\000M\000C\000U\000I\000D}{subsection.6.5.2}% 108
\BOOKMARK [3][-]{subsubsection.6.5.2.51}{\376\377\0006\000.\0005\000.\0002\000.\0005\0001\000\040\000U\000N\000P\000R\000O\000P\000E\000R\000\137\000F\000I\000L\000E\000\137\000F\000O\000R\000M\000A\000T}{subsection.6.5.2}% 109
\BOOKMARK [3][-]{subsubsection.6.5.2.52}{\376\377\0006\000.\0005\000.\0002\000.\0005\0002\000\040\000w\000r\000i\000t\000a\000b\000l\000e}{subsection.6.5.2}% 110
\BOOKMARK [1][-]{section.6.6}{\376\377\0006\000.\0006\000\040\000S\000e\000r\000v\000e\000r\000.\000p\000y\000\040\000N\000a\000m\000e\000s\000p\000a\000c\000e\000\040\000R\000e\000f\000e\000r\000e\000n\000c\000e}{chapter.6}% 111
\BOOKMARK [2][-]{subsection.6.6.1}{\376\377\0006\000.\0006\000.\0001\000\040\000D\000e\000t\000a\000i\000l\000e\000d\000\040\000D\000e\000s\000c\000r\000i\000p\000t\000i\000o\000n}{section.6.6}% 112
\BOOKMARK [1][-]{section.6.7}{\376\377\0006\000.\0007\000\040\000t\000e\000s\000t\000s\000\040\000N\000a\000m\000e\000s\000p\000a\000c\000e\000\040\000R\000e\000f\000e\000r\000e\000n\000c\000e}{chapter.6}% 113
\BOOKMARK [2][-]{subsection.6.7.1}{\376\377\0006\000.\0007\000.\0001\000\040\000F\000u\000n\000c\000t\000i\000o\000n\000\040\000D\000o\000c\000u\000m\000e\000n\000t\000a\000t\000i\000o\000n}{section.6.7}% 114
\BOOKMARK [3][-]{subsubsection.6.7.1.1}{\376\377\0006\000.\0007\000.\0001\000.\0001\000\040\000t\000e\000s\000t\000L\000o\000o\000k\000F\000o\000r\000C\000l\000i\000e\000n\000t\000I\000n\000D\000a\000t\000a\000b\000a\000s\000e\000D\000o\000e\000s\000N\000o\000t\000E\000x\000i\000s\000t\000\050\000\051}{subsection.6.7.1}% 115
\BOOKMARK [3][-]{subsubsection.6.7.1.2}{\376\377\0006\000.\0007\000.\0001\000.\0002\000\040\000t\000e\000s\000t\000L\000o\000o\000k\000F\000o\000r\000C\000l\000i\000e\000n\000t\000I\000n\000D\000a\000t\000a\000b\000a\000s\000e\000E\000x\000i\000s\000t\000\050\000\051}{subsection.6.7.1}% 116
\BOOKMARK [3][-]{subsubsection.6.7.1.3}{\376\377\0006\000.\0007\000.\0001\000.\0003\000\040\000t\000e\000s\000t\000P\000r\000e\000p\000a\000r\000e\000U\000p\000d\000a\000t\000e\000N\000o\000n\000E\000x\000i\000s\000t\000i\000n\000g\000C\000l\000i\000e\000n\000t\000\050\000\051}{subsection.6.7.1}% 117
\BOOKMARK [3][-]{subsubsection.6.7.1.4}{\376\377\0006\000.\0007\000.\0001\000.\0004\000\040\000t\000e\000s\000t\000V\000a\000l\000i\000d\000a\000t\000e\000C\000o\000d\000e\000C\000h\000u\000n\000k\000E\000m\000p\000t\000y\000\050\000\051}{subsection.6.7.1}% 118
\BOOKMARK [3][-]{subsubsection.6.7.1.5}{\376\377\0006\000.\0007\000.\0001\000.\0005\000\040\000t\000e\000s\000t\000V\000a\000l\000i\000d\000a\000t\000e\000C\000o\000d\000e\000C\000h\000u\000n\000k\000N\000o\000V\000a\000l\000i\000d\000\050\000\051}{subsection.6.7.1}% 119
\BOOKMARK [3][-]{subsubsection.6.7.1.6}{\376\377\0006\000.\0007\000.\0001\000.\0006\000\040\000t\000e\000s\000t\000V\000a\000l\000i\000d\000a\000t\000e\000C\000o\000d\000e\000C\000h\000u\000n\000k\000V\000a\000l\000i\000d\000\050\000\051}{subsection.6.7.1}% 120
\BOOKMARK [0][-]{chapter.7}{\376\377\0007\000\040\000C\000l\000a\000s\000s\000\040\000D\000o\000c\000u\000m\000e\000n\000t\000a\000t\000i\000o\000n}{}% 121
\BOOKMARK [1][-]{section.7.1}{\376\377\0007\000.\0001\000\040\000c\000u\000s\000t\000o\000m\000l\000o\000g\000g\000e\000r\000.\000C\000u\000s\000t\000o\000m\000L\000o\000g\000g\000e\000r\000\040\000C\000l\000a\000s\000s\000\040\000R\000e\000f\000e\000r\000e\000n\000c\000e}{chapter.7}% 122
\BOOKMARK [2][-]{subsection.7.1.1}{\376\377\0007\000.\0001\000.\0001\000\040\000C\000o\000n\000s\000t\000r\000u\000c\000t\000o\000r\000\040\000\046\000\040\000D\000e\000s\000t\000r\000u\000c\000t\000o\000r\000\040\000D\000o\000c\000u\000m\000e\000n\000t\000a\000t\000i\000o\000n}{section.7.1}% 123
\BOOKMARK [3][-]{subsubsection.7.1.1.1}{\376\377\0007\000.\0001\000.\0001\000.\0001\000\040\000\137\000\137\000i\000n\000i\000t\000\137\000\137\000\050\000\051}{subsection.7.1.1}% 124
\BOOKMARK [2][-]{subsection.7.1.2}{\376\377\0007\000.\0001\000.\0002\000\040\000M\000e\000m\000b\000e\000r\000\040\000F\000u\000n\000c\000t\000i\000o\000n\000\040\000D\000o\000c\000u\000m\000e\000n\000t\000a\000t\000i\000o\000n}{section.7.1}% 125
\BOOKMARK [3][-]{subsubsection.7.1.2.1}{\376\377\0007\000.\0001\000.\0002\000.\0001\000\040\000w\000r\000i\000t\000e\000\050\000\051}{subsection.7.1.2}% 126
\BOOKMARK [2][-]{subsection.7.1.3}{\376\377\0007\000.\0001\000.\0003\000\040\000M\000e\000m\000b\000e\000r\000\040\000D\000a\000t\000a\000\040\000D\000o\000c\000u\000m\000e\000n\000t\000a\000t\000i\000o\000n}{section.7.1}% 127
\BOOKMARK [3][-]{subsubsection.7.1.3.1}{\376\377\0007\000.\0001\000.\0003\000.\0001\000\040\000l\000e\000v\000e\000l}{subsection.7.1.3}% 128
\BOOKMARK [3][-]{subsubsection.7.1.3.2}{\376\377\0007\000.\0001\000.\0003\000.\0002\000\040\000l\000o\000g\000g\000e\000r}{subsection.7.1.3}% 129
\BOOKMARK [0][-]{chapter.8}{\376\377\0008\000\040\000F\000i\000l\000e\000\040\000D\000o\000c\000u\000m\000e\000n\000t\000a\000t\000i\000o\000n}{}% 130
\BOOKMARK [1][-]{section.8.1}{\376\377\0008\000.\0001\000\040\000c\000u\000s\000t\000o\000m\000l\000o\000g\000g\000e\000r\000.\000p\000y\000\040\000F\000i\000l\000e\000\040\000R\000e\000f\000e\000r\000e\000n\000c\000e}{chapter.8}% 131
\BOOKMARK [1][-]{section.8.2}{\376\377\0008\000.\0002\000\040\000R\000E\000A\000D\000M\000E\000.\000m\000d\000\040\000F\000i\000l\000e\000\040\000R\000e\000f\000e\000r\000e\000n\000c\000e}{chapter.8}% 132
\BOOKMARK [1][-]{section.8.3}{\376\377\0008\000.\0003\000\040\000s\000e\000r\000v\000e\000r\000.\000p\000y\000\040\000F\000i\000l\000e\000\040\000R\000e\000f\000e\000r\000e\000n\000c\000e}{chapter.8}% 133
\BOOKMARK [1][-]{section.8.4}{\376\377\0008\000.\0004\000\040\000t\000e\000s\000t\000s\000/\000p\000a\000r\000a\000l\000l\000e\000l\000i\000z\000e\000/\000m\000u\000l\000t\000i\000p\000r\000o\000c\000e\000s\000s\000i\000n\000g\000/\000s\000e\000r\000v\000e\000r\000.\000p\000y\000\040\000F\000i\000l\000e\000\040\000R\000e\000f\000e\000r\000e\000n\000c\000e}{chapter.8}% 134
\BOOKMARK [1][-]{section.8.5}{\376\377\0008\000.\0005\000\040\000t\000e\000s\000t\000s\000/\000p\000a\000r\000a\000l\000l\000e\000l\000i\000z\000e\000/\000s\000e\000l\000e\000c\000t\000A\000p\000p\000r\000o\000a\000c\000h\000/\000s\000e\000r\000v\000e\000r\000.\000p\000y\000\040\000F\000i\000l\000e\000\040\000R\000e\000f\000e\000r\000e\000n\000c\000e}{chapter.8}% 135
\BOOKMARK [1][-]{section.8.6}{\376\377\0008\000.\0006\000\040\000t\000e\000s\000t\000s\000/\000c\000l\000i\000e\000n\000t\000.\000p\000y\000\040\000F\000i\000l\000e\000\040\000R\000e\000f\000e\000r\000e\000n\000c\000e}{chapter.8}% 136
\BOOKMARK [1][-]{section.8.7}{\376\377\0008\000.\0007\000\040\000t\000e\000s\000t\000s\000/\000p\000a\000r\000a\000l\000l\000e\000l\000i\000z\000e\000/\000s\000e\000l\000e\000c\000t\000A\000p\000p\000r\000o\000a\000c\000h\000/\000c\000l\000i\000e\000n\000t\000.\000p\000y\000\040\000F\000i\000l\000e\000\040\000R\000e\000f\000e\000r\000e\000n\000c\000e}{chapter.8}% 137
\BOOKMARK [1][-]{section.8.8}{\376\377\0008\000.\0008\000\040\000t\000e\000s\000t\000s\000/\000N\000o\000C\000l\000i\000e\000n\000t\000.\000p\000y\000\040\000F\000i\000l\000e\000\040\000R\000e\000f\000e\000r\000e\000n\000c\000e}{chapter.8}% 138
\BOOKMARK [1][-]{section.8.9}{\376\377\0008\000.\0009\000\040\000t\000e\000s\000t\000s\000/\000t\000e\000s\000t\000s\000.\000p\000y\000\040\000F\000i\000l\000e\000\040\000R\000e\000f\000e\000r\000e\000n\000c\000e}{chapter.8}% 139
\BOOKMARK [0][-]{section*.67}{\376\377\000I\000n\000d\000e\000x}{}% 140
